[0.950s] DEBUG:colcon:Command line arguments: ['/usr/bin/colcon', 'build', '--symlink-install']
[0.950s] DEBUG:colcon:Parsed command line arguments: Namespace(ament_cmake_args=None, base_paths=['.'], build_base='build', catkin_cmake_args=None, catkin_skip_building_tests=False, cmake_args=None, cmake_clean_cache=False, cmake_clean_first=False, cmake_force_configure=False, cmake_target=None, cmake_target_skip_unavailable=False, continue_on_error=False, event_handlers=None, executor='parallel', ignore_user_meta=False, install_base='install', log_base=None, log_level=None, main=<bound method BuildVerb.main of <colcon_core.verb.build.BuildVerb object at 0x7f535feddac0>>, merge_install=False, metas=['./colcon.meta'], packages_above=None, packages_above_and_dependencies=None, packages_above_depth=None, packages_end=None, packages_ignore=None, packages_ignore_regex=None, packages_select=None, packages_select_build_failed=False, packages_select_by_dep=None, packages_select_regex=None, packages_select_test_failures=False, packages_skip=None, packages_skip_build_finished=False, packages_skip_by_dep=None, packages_skip_regex=None, packages_skip_test_passed=False, packages_skip_up_to=None, packages_start=None, packages_up_to=None, packages_up_to_regex=None, parallel_workers=4, paths=None, symlink_install=True, test_result_base=None, verb_extension=<colcon_core.verb.build.BuildVerb object at 0x7f535feddac0>, verb_name='build', verb_parser=<colcon_defaults.argument_parser.defaults.DefaultArgumentsDecorator object at 0x7f535feddfa0>)
[0.975s] Level 1:colcon.colcon_core.package_discovery:discover_packages(colcon_meta) check parameters
[0.975s] Level 1:colcon.colcon_core.package_discovery:discover_packages(recursive) check parameters
[0.976s] Level 1:colcon.colcon_core.package_discovery:discover_packages(ignore) check parameters
[0.976s] Level 1:colcon.colcon_core.package_discovery:discover_packages(path) check parameters
[0.976s] Level 1:colcon.colcon_core.package_discovery:discover_packages(colcon_meta) discover
[0.976s] Level 1:colcon.colcon_core.package_discovery:discover_packages(recursive) discover
[0.976s] INFO:colcon.colcon_core.package_discovery:Crawling recursively for packages in '/home/hp/Documenti/APTP/AutomatedPlanning-Assignment-master/assignment-ws'
[0.976s] Level 1:colcon.colcon_core.package_identification:_identify(.) by extensions ['ignore', 'ignore_ament_install']
[0.977s] Level 1:colcon.colcon_core.package_identification:_identify(.) by extension 'ignore'
[0.977s] Level 1:colcon.colcon_core.package_identification:_identify(.) by extension 'ignore_ament_install'
[0.977s] Level 1:colcon.colcon_core.package_identification:_identify(.) by extensions ['colcon_pkg']
[0.977s] Level 1:colcon.colcon_core.package_identification:_identify(.) by extension 'colcon_pkg'
[0.977s] Level 1:colcon.colcon_core.package_identification:_identify(.) by extensions ['colcon_meta']
[0.977s] Level 1:colcon.colcon_core.package_identification:_identify(.) by extension 'colcon_meta'
[0.978s] Level 1:colcon.colcon_core.package_identification:_identify(.) by extensions ['ros']
[0.978s] Level 1:colcon.colcon_core.package_identification:_identify(.) by extension 'ros'
[1.016s] Level 1:colcon.colcon_core.package_identification:_identify(.) by extensions ['cmake', 'python']
[1.017s] Level 1:colcon.colcon_core.package_identification:_identify(.) by extension 'cmake'
[1.017s] Level 1:colcon.colcon_core.package_identification:_identify(.) by extension 'python'
[1.017s] Level 1:colcon.colcon_core.package_identification:_identify(.) by extensions ['python_setup_py']
[1.017s] Level 1:colcon.colcon_core.package_identification:_identify(.) by extension 'python_setup_py'
[1.018s] Level 1:colcon.colcon_core.package_identification:_identify(assignment) by extensions ['ignore', 'ignore_ament_install']
[1.018s] Level 1:colcon.colcon_core.package_identification:_identify(assignment) by extension 'ignore'
[1.018s] Level 1:colcon.colcon_core.package_identification:_identify(assignment) by extension 'ignore_ament_install'
[1.018s] Level 1:colcon.colcon_core.package_identification:_identify(assignment) by extensions ['colcon_pkg']
[1.019s] Level 1:colcon.colcon_core.package_identification:_identify(assignment) by extension 'colcon_pkg'
[1.019s] Level 1:colcon.colcon_core.package_identification:_identify(assignment) by extensions ['colcon_meta']
[1.019s] Level 1:colcon.colcon_core.package_identification:_identify(assignment) by extension 'colcon_meta'
[1.019s] Level 1:colcon.colcon_core.package_identification:_identify(assignment) by extensions ['ros']
[1.019s] Level 1:colcon.colcon_core.package_identification:_identify(assignment) by extension 'ros'
[1.032s] DEBUG:colcon.colcon_core.package_identification:Package 'assignment' with type 'ros.ament_cmake' and name 'assignment'
[1.032s] Level 1:colcon.colcon_core.package_identification:_identify(build) by extensions ['ignore', 'ignore_ament_install']
[1.033s] Level 1:colcon.colcon_core.package_identification:_identify(build) by extension 'ignore'
[1.033s] Level 1:colcon.colcon_core.package_identification:_identify(build) ignored
[1.033s] Level 1:colcon.colcon_core.package_identification:_identify(install) by extensions ['ignore', 'ignore_ament_install']
[1.034s] Level 1:colcon.colcon_core.package_identification:_identify(install) by extension 'ignore'
[1.034s] Level 1:colcon.colcon_core.package_identification:_identify(install) ignored
[1.034s] Level 1:colcon.colcon_core.package_identification:_identify(log) by extensions ['ignore', 'ignore_ament_install']
[1.035s] Level 1:colcon.colcon_core.package_identification:_identify(log) by extension 'ignore'
[1.035s] Level 1:colcon.colcon_core.package_identification:_identify(log) ignored
[1.035s] Level 1:colcon.colcon_core.package_discovery:discover_packages(recursive) using defaults
[1.035s] Level 1:colcon.colcon_core.package_discovery:discover_packages(ignore) discover
[1.035s] Level 1:colcon.colcon_core.package_discovery:discover_packages(ignore) using defaults
[1.035s] Level 1:colcon.colcon_core.package_discovery:discover_packages(path) discover
[1.035s] Level 1:colcon.colcon_core.package_discovery:discover_packages(path) using defaults
[1.113s] Level 5:colcon.colcon_core.verb:set package 'assignment' build argument 'cmake_args' from command line to 'None'
[1.113s] Level 5:colcon.colcon_core.verb:set package 'assignment' build argument 'cmake_target' from command line to 'None'
[1.113s] Level 5:colcon.colcon_core.verb:set package 'assignment' build argument 'cmake_target_skip_unavailable' from command line to 'False'
[1.113s] Level 5:colcon.colcon_core.verb:set package 'assignment' build argument 'cmake_clean_cache' from command line to 'False'
[1.113s] Level 5:colcon.colcon_core.verb:set package 'assignment' build argument 'cmake_clean_first' from command line to 'False'
[1.113s] Level 5:colcon.colcon_core.verb:set package 'assignment' build argument 'cmake_force_configure' from command line to 'False'
[1.114s] Level 5:colcon.colcon_core.verb:set package 'assignment' build argument 'ament_cmake_args' from command line to 'None'
[1.114s] Level 5:colcon.colcon_core.verb:set package 'assignment' build argument 'catkin_cmake_args' from command line to 'None'
[1.114s] Level 5:colcon.colcon_core.verb:set package 'assignment' build argument 'catkin_skip_building_tests' from command line to 'False'
[1.114s] DEBUG:colcon.colcon_core.verb:Building package 'assignment' with the following arguments: {'ament_cmake_args': None, 'build_base': '/home/hp/Documenti/APTP/AutomatedPlanning-Assignment-master/assignment-ws/build/assignment', 'catkin_cmake_args': None, 'catkin_skip_building_tests': False, 'cmake_args': None, 'cmake_clean_cache': False, 'cmake_clean_first': False, 'cmake_force_configure': False, 'cmake_target': None, 'cmake_target_skip_unavailable': False, 'install_base': '/home/hp/Documenti/APTP/AutomatedPlanning-Assignment-master/assignment-ws/install/assignment', 'merge_install': False, 'path': '/home/hp/Documenti/APTP/AutomatedPlanning-Assignment-master/assignment-ws/assignment', 'symlink_install': True, 'test_result_base': None}
[1.115s] INFO:colcon.colcon_core.executor:Executing jobs using 'parallel' executor
[1.120s] DEBUG:colcon.colcon_parallel_executor.executor.parallel:run_until_complete
[1.121s] INFO:colcon.colcon_ros.task.ament_cmake.build:Building ROS package in '/home/hp/Documenti/APTP/AutomatedPlanning-Assignment-master/assignment-ws/assignment' with build type 'ament_cmake'
[1.121s] INFO:colcon.colcon_cmake.task.cmake.build:Building CMake package in '/home/hp/Documenti/APTP/AutomatedPlanning-Assignment-master/assignment-ws/assignment'
[1.139s] INFO:colcon.colcon_core.plugin_system:Skipping extension 'colcon_core.shell.bat': Not used on non-Windows systems
[1.140s] INFO:colcon.colcon_core.shell:Skip shell extension 'powershell' for command environment: Not usable outside of PowerShell
[1.140s] DEBUG:colcon.colcon_core.shell:Skip shell extension 'dsv' for command environment
[1.156s] DEBUG:colcon.colcon_core.shell:Ignoring prefix path '/opt/ros/foxy'
[1.181s] DEBUG:colcon.colcon_core.event_handler.log_command:Invoking command in '/home/hp/Documenti/APTP/AutomatedPlanning-Assignment-master/assignment-ws/build/assignment': CMAKE_PREFIX_PATH=${CMAKE_PREFIX_PATH}:/opt/ros/foxy /usr/bin/cmake --build /home/hp/Documenti/APTP/AutomatedPlanning-Assignment-master/assignment-ws/build/assignment -- -j4 -l4
[1.644s] DEBUG:colcon.colcon_core.event_handler.log_command:Invoked command in '/home/hp/Documenti/APTP/AutomatedPlanning-Assignment-master/assignment-ws/build/assignment' returned '0': CMAKE_PREFIX_PATH=${CMAKE_PREFIX_PATH}:/opt/ros/foxy /usr/bin/cmake --build /home/hp/Documenti/APTP/AutomatedPlanning-Assignment-master/assignment-ws/build/assignment -- -j4 -l4
[1.787s] DEBUG:colcon.colcon_core.event_handler.log_command:Invoking command in '/home/hp/Documenti/APTP/AutomatedPlanning-Assignment-master/assignment-ws/build/assignment': CMAKE_PREFIX_PATH=${CMAKE_PREFIX_PATH}:/opt/ros/foxy /usr/bin/cmake --install /home/hp/Documenti/APTP/AutomatedPlanning-Assignment-master/assignment-ws/build/assignment
[1.889s] Level 1:colcon.colcon_core.environment:create_environment_scripts_only(assignment)
[1.892s] DEBUG:colcon.colcon_core.event_handler.log_command:Invoked command in '/home/hp/Documenti/APTP/AutomatedPlanning-Assignment-master/assignment-ws/build/assignment' returned '0': CMAKE_PREFIX_PATH=${CMAKE_PREFIX_PATH}:/opt/ros/foxy /usr/bin/cmake --install /home/hp/Documenti/APTP/AutomatedPlanning-Assignment-master/assignment-ws/build/assignment
[1.910s] Level 1:colcon.colcon_core.environment:checking '/home/hp/Documenti/APTP/AutomatedPlanning-Assignment-master/assignment-ws/install/assignment' for CMake module files
[1.913s] Level 1:colcon.colcon_core.environment:checking '/home/hp/Documenti/APTP/AutomatedPlanning-Assignment-master/assignment-ws/install/assignment' for CMake config files
[1.914s] Level 1:colcon.colcon_core.shell:create_environment_hook('assignment', 'cmake_prefix_path')
[1.917s] INFO:colcon.colcon_core.shell:Creating environment hook '/home/hp/Documenti/APTP/AutomatedPlanning-Assignment-master/assignment-ws/install/assignment/share/assignment/hook/cmake_prefix_path.ps1'
[1.923s] INFO:colcon.colcon_core.shell:Creating environment descriptor '/home/hp/Documenti/APTP/AutomatedPlanning-Assignment-master/assignment-ws/install/assignment/share/assignment/hook/cmake_prefix_path.dsv'
[1.925s] INFO:colcon.colcon_core.shell:Creating environment hook '/home/hp/Documenti/APTP/AutomatedPlanning-Assignment-master/assignment-ws/install/assignment/share/assignment/hook/cmake_prefix_path.sh'
[1.928s] Level 1:colcon.colcon_core.environment:checking '/home/hp/Documenti/APTP/AutomatedPlanning-Assignment-master/assignment-ws/install/assignment/lib'
[1.929s] Level 1:colcon.colcon_core.environment:checking '/home/hp/Documenti/APTP/AutomatedPlanning-Assignment-master/assignment-ws/install/assignment/bin'
[1.929s] Level 1:colcon.colcon_core.environment:checking '/home/hp/Documenti/APTP/AutomatedPlanning-Assignment-master/assignment-ws/install/assignment/lib/pkgconfig/assignment.pc'
[1.929s] Level 1:colcon.colcon_core.environment:checking '/home/hp/Documenti/APTP/AutomatedPlanning-Assignment-master/assignment-ws/install/assignment/lib/python3.8/site-packages'
[1.932s] INFO:colcon.colcon_core.shell:Creating package script '/home/hp/Documenti/APTP/AutomatedPlanning-Assignment-master/assignment-ws/install/assignment/share/assignment/package.ps1'
[1.935s] INFO:colcon.colcon_core.shell:Creating package descriptor '/home/hp/Documenti/APTP/AutomatedPlanning-Assignment-master/assignment-ws/install/assignment/share/assignment/package.dsv'
[1.937s] INFO:colcon.colcon_core.shell:Creating package script '/home/hp/Documenti/APTP/AutomatedPlanning-Assignment-master/assignment-ws/install/assignment/share/assignment/package.sh'
[1.940s] INFO:colcon.colcon_core.shell:Creating package script '/home/hp/Documenti/APTP/AutomatedPlanning-Assignment-master/assignment-ws/install/assignment/share/assignment/package.bash'
[1.943s] INFO:colcon.colcon_core.shell:Creating package script '/home/hp/Documenti/APTP/AutomatedPlanning-Assignment-master/assignment-ws/install/assignment/share/assignment/package.zsh'
[1.946s] Level 1:colcon.colcon_core.environment:create_file_with_runtime_dependencies(/home/hp/Documenti/APTP/AutomatedPlanning-Assignment-master/assignment-ws/install/assignment/share/colcon-core/packages/assignment)
[2.059s] Level 1:colcon.colcon_core.environment:create_environment_scripts_only(assignment)
[2.063s] Level 1:colcon.colcon_core.environment:checking '/home/hp/Documenti/APTP/AutomatedPlanning-Assignment-master/assignment-ws/install/assignment' for CMake module files
[2.065s] Level 1:colcon.colcon_core.environment:checking '/home/hp/Documenti/APTP/AutomatedPlanning-Assignment-master/assignment-ws/install/assignment' for CMake config files
[2.066s] Level 1:colcon.colcon_core.shell:create_environment_hook('assignment', 'cmake_prefix_path')
[2.067s] INFO:colcon.colcon_core.shell:Creating environment hook '/home/hp/Documenti/APTP/AutomatedPlanning-Assignment-master/assignment-ws/install/assignment/share/assignment/hook/cmake_prefix_path.ps1'
[2.068s] INFO:colcon.colcon_core.shell:Creating environment descriptor '/home/hp/Documenti/APTP/AutomatedPlanning-Assignment-master/assignment-ws/install/assignment/share/assignment/hook/cmake_prefix_path.dsv'
[2.069s] INFO:colcon.colcon_core.shell:Creating environment hook '/home/hp/Documenti/APTP/AutomatedPlanning-Assignment-master/assignment-ws/install/assignment/share/assignment/hook/cmake_prefix_path.sh'
[2.071s] Level 1:colcon.colcon_core.environment:checking '/home/hp/Documenti/APTP/AutomatedPlanning-Assignment-master/assignment-ws/install/assignment/lib'
[2.071s] Level 1:colcon.colcon_core.environment:checking '/home/hp/Documenti/APTP/AutomatedPlanning-Assignment-master/assignment-ws/install/assignment/bin'
[2.071s] Level 1:colcon.colcon_core.environment:checking '/home/hp/Documenti/APTP/AutomatedPlanning-Assignment-master/assignment-ws/install/assignment/lib/pkgconfig/assignment.pc'
[2.071s] Level 1:colcon.colcon_core.environment:checking '/home/hp/Documenti/APTP/AutomatedPlanning-Assignment-master/assignment-ws/install/assignment/lib/python3.8/site-packages'
[2.073s] INFO:colcon.colcon_core.shell:Creating package script '/home/hp/Documenti/APTP/AutomatedPlanning-Assignment-master/assignment-ws/install/assignment/share/assignment/package.ps1'
[2.074s] INFO:colcon.colcon_core.shell:Creating package descriptor '/home/hp/Documenti/APTP/AutomatedPlanning-Assignment-master/assignment-ws/install/assignment/share/assignment/package.dsv'
[2.075s] INFO:colcon.colcon_core.shell:Creating package script '/home/hp/Documenti/APTP/AutomatedPlanning-Assignment-master/assignment-ws/install/assignment/share/assignment/package.sh'
[2.076s] INFO:colcon.colcon_core.shell:Creating package script '/home/hp/Documenti/APTP/AutomatedPlanning-Assignment-master/assignment-ws/install/assignment/share/assignment/package.bash'
[2.077s] INFO:colcon.colcon_core.shell:Creating package script '/home/hp/Documenti/APTP/AutomatedPlanning-Assignment-master/assignment-ws/install/assignment/share/assignment/package.zsh'
[2.078s] Level 1:colcon.colcon_core.environment:create_file_with_runtime_dependencies(/home/hp/Documenti/APTP/AutomatedPlanning-Assignment-master/assignment-ws/install/assignment/share/colcon-core/packages/assignment)
[2.079s] DEBUG:colcon.colcon_parallel_executor.executor.parallel:closing loop
[2.080s] DEBUG:colcon.colcon_parallel_executor.executor.parallel:loop closed
[2.080s] DEBUG:colcon.colcon_parallel_executor.executor.parallel:run_until_complete finished with '0'
[2.081s] DEBUG:colcon.colcon_core.event_reactor:joining thread
[2.108s] INFO:colcon.colcon_core.plugin_system:Skipping extension 'colcon_notification.desktop_notification.terminal_notifier': Not used on non-Darwin systems
[2.109s] INFO:colcon.colcon_core.plugin_system:Skipping extension 'colcon_notification.desktop_notification.win32': Not used on non-Windows systems
[2.109s] INFO:colcon.colcon_notification.desktop_notification:Sending desktop notification using 'notify2'
[2.182s] DEBUG:colcon.colcon_core.event_reactor:joined thread
[2.184s] INFO:colcon.colcon_core.shell:Creating prefix script '/home/hp/Documenti/APTP/AutomatedPlanning-Assignment-master/assignment-ws/install/local_setup.ps1'
[2.187s] INFO:colcon.colcon_core.shell:Creating prefix util module '/home/hp/Documenti/APTP/AutomatedPlanning-Assignment-master/assignment-ws/install/_local_setup_util_ps1.py'
[2.190s] INFO:colcon.colcon_core.shell:Creating prefix chain script '/home/hp/Documenti/APTP/AutomatedPlanning-Assignment-master/assignment-ws/install/setup.ps1'
[2.201s] INFO:colcon.colcon_core.shell:Creating prefix script '/home/hp/Documenti/APTP/AutomatedPlanning-Assignment-master/assignment-ws/install/local_setup.sh'
[2.204s] INFO:colcon.colcon_core.shell:Creating prefix util module '/home/hp/Documenti/APTP/AutomatedPlanning-Assignment-master/assignment-ws/install/_local_setup_util_sh.py'
[2.206s] INFO:colcon.colcon_core.shell:Creating prefix chain script '/home/hp/Documenti/APTP/AutomatedPlanning-Assignment-master/assignment-ws/install/setup.sh'
[2.213s] INFO:colcon.colcon_core.shell:Creating prefix script '/home/hp/Documenti/APTP/AutomatedPlanning-Assignment-master/assignment-ws/install/local_setup.bash'
[2.215s] INFO:colcon.colcon_core.shell:Creating prefix chain script '/home/hp/Documenti/APTP/AutomatedPlanning-Assignment-master/assignment-ws/install/setup.bash'
[2.221s] INFO:colcon.colcon_core.shell:Creating prefix script '/home/hp/Documenti/APTP/AutomatedPlanning-Assignment-master/assignment-ws/install/local_setup.zsh'
[2.223s] INFO:colcon.colcon_core.shell:Creating prefix chain script '/home/hp/Documenti/APTP/AutomatedPlanning-Assignment-master/assignment-ws/install/setup.zsh'
