[35m[1mScanning dependencies of target move_carrier_action_node[0m
[35m[1mScanning dependencies of target pick_up_action_node[0m
[35m[1mScanning dependencies of target deliver_action_node[0m
[35m[1mScanning dependencies of target move_action_node[0m
[ 12%] [32mBuilding CXX object CMakeFiles/move_carrier_action_node.dir/src/move_carrier_action_node.cpp.o[0m
[ 25%] [32mBuilding CXX object CMakeFiles/pick_up_action_node.dir/src/pick_up_action_node.cpp.o[0m
[ 37%] [32mBuilding CXX object CMakeFiles/deliver_action_node.dir/src/deliver_action_node.cpp.o[0m
[ 50%] [32mBuilding CXX object CMakeFiles/move_action_node.dir/src/move_action_node.cpp.o[0m
[01m[K/home/hp/Documenti/APTP/AutomatedPlanning-Assignment-master/assignment-ws/assignment/src/deliver_action_node.cpp:[m[K In member function ‘[01m[Kvirtual void DeliverAction::do_work()[m[K’:
[01m[K/home/hp/Documenti/APTP/AutomatedPlanning-Assignment-master/assignment-ws/assignment/src/deliver_action_node.cpp:39:44:[m[K [01;31m[Kerror: [m[Kno matching function for call to ‘[01m[Kmin(double, float&)[m[K’
   39 |       send_feedback(std::min(1.0, progress_[01;31m[K)[m[K, "deliver running");
      |                                            [01;31m[K^[m[K
In file included from [01m[K/usr/include/c++/9/memory:62[m[K,
                 from [01m[K/home/hp/Documenti/APTP/AutomatedPlanning-Assignment-master/assignment-ws/assignment/src/deliver_action_node.cpp:15[m[K:
[01m[K/usr/include/c++/9/bits/stl_algobase.h:198:5:[m[K [01;36m[Knote: [m[Kcandidate: ‘[01m[Ktemplate<class _Tp> constexpr const _Tp& std::min(const _Tp&, const _Tp&)[m[K’
  198 |     [01;36m[Kmin[m[K(const _Tp& __a, const _Tp& __b)
      |     [01;36m[K^~~[m[K
[01m[K/usr/include/c++/9/bits/stl_algobase.h:198:5:[m[K [01;36m[Knote: [m[K  template argument deduction/substitution failed:
[01m[K/home/hp/Documenti/APTP/AutomatedPlanning-Assignment-master/assignment-ws/assignment/src/deliver_action_node.cpp:39:44:[m[K [01;36m[Knote: [m[K  deduced conflicting types for parameter ‘[01m[Kconst _Tp[m[K’ (‘[01m[Kdouble[m[K’ and ‘[01m[Kfloat[m[K’)
   39 |       send_feedback(std::min(1.0, progress_[01;36m[K)[m[K, "deliver running");
      |                                            [01;36m[K^[m[K
In file included from [01m[K/usr/include/c++/9/memory:62[m[K,
                 from [01m[K/home/hp/Documenti/APTP/AutomatedPlanning-Assignment-master/assignment-ws/assignment/src/deliver_action_node.cpp:15[m[K:
[01m[K/usr/include/c++/9/bits/stl_algobase.h:246:5:[m[K [01;36m[Knote: [m[Kcandidate: ‘[01m[Ktemplate<class _Tp, class _Compare> constexpr const _Tp& std::min(const _Tp&, const _Tp&, _Compare)[m[K’
  246 |     [01;36m[Kmin[m[K(const _Tp& __a, const _Tp& __b, _Compare __comp)
      |     [01;36m[K^~~[m[K
[01m[K/usr/include/c++/9/bits/stl_algobase.h:246:5:[m[K [01;36m[Knote: [m[K  template argument deduction/substitution failed:
[01m[K/home/hp/Documenti/APTP/AutomatedPlanning-Assignment-master/assignment-ws/assignment/src/deliver_action_node.cpp:39:44:[m[K [01;36m[Knote: [m[K  deduced conflicting types for parameter ‘[01m[Kconst _Tp[m[K’ (‘[01m[Kdouble[m[K’ and ‘[01m[Kfloat[m[K’)
   39 |       send_feedback(std::min(1.0, progress_[01;36m[K)[m[K, "deliver running");
      |                                            [01;36m[K^[m[K
In file included from [01m[K/usr/include/c++/9/algorithm:62[m[K,
                 from [01m[K/home/hp/Documenti/APTP/AutomatedPlanning-Assignment-master/assignment-ws/assignment/src/deliver_action_node.cpp:16[m[K:
[01m[K/usr/include/c++/9/bits/stl_algo.h:3444:5:[m[K [01;36m[Knote: [m[Kcandidate: ‘[01m[Ktemplate<class _Tp> constexpr _Tp std::min(std::initializer_list<_Tp>)[m[K’
 3444 |     [01;36m[Kmin[m[K(initializer_list<_Tp> __l)
      |     [01;36m[K^~~[m[K
[01m[K/usr/include/c++/9/bits/stl_algo.h:3444:5:[m[K [01;36m[Knote: [m[K  template argument deduction/substitution failed:
[01m[K/home/hp/Documenti/APTP/AutomatedPlanning-Assignment-master/assignment-ws/assignment/src/deliver_action_node.cpp:39:44:[m[K [01;36m[Knote: [m[K  mismatched types ‘[01m[Kstd::initializer_list<_Tp>[m[K’ and ‘[01m[Kdouble[m[K’
   39 |       send_feedback(std::min(1.0, progress_[01;36m[K)[m[K, "deliver running");
      |                                            [01;36m[K^[m[K
In file included from [01m[K/usr/include/c++/9/algorithm:62[m[K,
                 from [01m[K/home/hp/Documenti/APTP/AutomatedPlanning-Assignment-master/assignment-ws/assignment/src/deliver_action_node.cpp:16[m[K:
[01m[K/usr/include/c++/9/bits/stl_algo.h:3450:5:[m[K [01;36m[Knote: [m[Kcandidate: ‘[01m[Ktemplate<class _Tp, class _Compare> constexpr _Tp std::min(std::initializer_list<_Tp>, _Compare)[m[K’
 3450 |     [01;36m[Kmin[m[K(initializer_list<_Tp> __l, _Compare __comp)
      |     [01;36m[K^~~[m[K
[01m[K/usr/include/c++/9/bits/stl_algo.h:3450:5:[m[K [01;36m[Knote: [m[K  template argument deduction/substitution failed:
[01m[K/home/hp/Documenti/APTP/AutomatedPlanning-Assignment-master/assignment-ws/assignment/src/deliver_action_node.cpp:39:44:[m[K [01;36m[Knote: [m[K  mismatched types ‘[01m[Kstd::initializer_list<_Tp>[m[K’ and ‘[01m[Kdouble[m[K’
   39 |       send_feedback(std::min(1.0, progress_[01;36m[K)[m[K, "deliver running");
      |                                            [01;36m[K^[m[K
[01m[K/home/hp/Documenti/APTP/AutomatedPlanning-Assignment-master/assignment-ws/assignment/src/pick_up_action_node.cpp:[m[K In member function ‘[01m[Kvirtual void PickUpAction::do_work()[m[K’:
[01m[K/home/hp/Documenti/APTP/AutomatedPlanning-Assignment-master/assignment-ws/assignment/src/pick_up_action_node.cpp:39:44:[m[K [01;31m[Kerror: [m[Kno matching function for call to ‘[01m[Kmin(double, float&)[m[K’
   39 |       send_feedback(std::min(1.0, progress_[01;31m[K)[m[K, "Pick_up running");
      |                                            [01;31m[K^[m[K
In file included from [01m[K/usr/include/c++/9/memory:62[m[K,
                 from [01m[K/home/hp/Documenti/APTP/AutomatedPlanning-Assignment-master/assignment-ws/assignment/src/pick_up_action_node.cpp:15[m[K:
[01m[K/usr/include/c++/9/bits/stl_algobase.h:198:5:[m[K [01;36m[Knote: [m[Kcandidate: ‘[01m[Ktemplate<class _Tp> constexpr const _Tp& std::min(const _Tp&, const _Tp&)[m[K’
  198 |     [01;36m[Kmin[m[K(const _Tp& __a, const _Tp& __b)
      |     [01;36m[K^~~[m[K
[01m[K/usr/include/c++/9/bits/stl_algobase.h:198:5:[m[K [01;36m[Knote: [m[K  template argument deduction/substitution failed:
[01m[K/home/hp/Documenti/APTP/AutomatedPlanning-Assignment-master/assignment-ws/assignment/src/pick_up_action_node.cpp:39:44:[m[K [01;36m[Knote: [m[K  deduced conflicting types for parameter ‘[01m[Kconst _Tp[m[K’ (‘[01m[Kdouble[m[K’ and ‘[01m[Kfloat[m[K’)
   39 |       send_feedback(std::min(1.0, progress_[01;36m[K)[m[K, "Pick_up running");
      |                                            [01;36m[K^[m[K
In file included from [01m[K/usr/include/c++/9/memory:62[m[K,
                 from [01m[K/home/hp/Documenti/APTP/AutomatedPlanning-Assignment-master/assignment-ws/assignment/src/pick_up_action_node.cpp:15[m[K:
[01m[K/usr/include/c++/9/bits/stl_algobase.h:246:5:[m[K [01;36m[Knote: [m[Kcandidate: ‘[01m[Ktemplate<class _Tp, class _Compare> constexpr const _Tp& std::min(const _Tp&, const _Tp&, _Compare)[m[K’
  246 |     [01;36m[Kmin[m[K(const _Tp& __a, const _Tp& __b, _Compare __comp)
      |     [01;36m[K^~~[m[K
[01m[K/usr/include/c++/9/bits/stl_algobase.h:246:5:[m[K [01;36m[Knote: [m[K  template argument deduction/substitution failed:
[01m[K/home/hp/Documenti/APTP/AutomatedPlanning-Assignment-master/assignment-ws/assignment/src/pick_up_action_node.cpp:39:44:[m[K [01;36m[Knote: [m[K  deduced conflicting types for parameter ‘[01m[Kconst _Tp[m[K’ (‘[01m[Kdouble[m[K’ and ‘[01m[Kfloat[m[K’)
   39 |       send_feedback(std::min(1.0, progress_[01;36m[K)[m[K, "Pick_up running");
      |                                            [01;36m[K^[m[K
In file included from [01m[K/usr/include/c++/9/algorithm:62[m[K,
                 from [01m[K/home/hp/Documenti/APTP/AutomatedPlanning-Assignment-master/assignment-ws/assignment/src/pick_up_action_node.cpp:16[m[K:
[01m[K/usr/include/c++/9/bits/stl_algo.h:3444:5:[m[K [01;36m[Knote: [m[Kcandidate: ‘[01m[Ktemplate<class _Tp> constexpr _Tp std::min(std::initializer_list<_Tp>)[m[K’
 3444 |     [01;36m[Kmin[m[K(initializer_list<_Tp> __l)
      |     [01;36m[K^~~[m[K
[01m[K/usr/include/c++/9/bits/stl_algo.h:3444:5:[m[K [01;36m[Knote: [m[K  template argument deduction/substitution failed:
[01m[K/home/hp/Documenti/APTP/AutomatedPlanning-Assignment-master/assignment-ws/assignment/src/pick_up_action_node.cpp:39:44:[m[K [01;36m[Knote: [m[K  mismatched types ‘[01m[Kstd::initializer_list<_Tp>[m[K’ and ‘[01m[Kdouble[m[K’
   39 |       send_feedback(std::min(1.0, progress_[01;36m[K)[m[K, "Pick_up running");
      |                                            [01;36m[K^[m[K
In file included from [01m[K/usr/include/c++/9/algorithm:62[m[K,
                 from [01m[K/home/hp/Documenti/APTP/AutomatedPlanning-Assignment-master/assignment-ws/assignment/src/pick_up_action_node.cpp:16[m[K:
[01m[K/usr/include/c++/9/bits/stl_algo.h:3450:5:[m[K [01;36m[Knote: [m[Kcandidate: ‘[01m[Ktemplate<class _Tp, class _Compare> constexpr _Tp std::min(std::initializer_list<_Tp>, _Compare)[m[K’
 3450 |     [01;36m[Kmin[m[K(initializer_list<_Tp> __l, _Compare __comp)
      |     [01;36m[K^~~[m[K
[01m[K/usr/include/c++/9/bits/stl_algo.h:3450:5:[m[K [01;36m[Knote: [m[K  template argument deduction/substitution failed:
[01m[K/home/hp/Documenti/APTP/AutomatedPlanning-Assignment-master/assignment-ws/assignment/src/pick_up_action_node.cpp:39:44:[m[K [01;36m[Knote: [m[K  mismatched types ‘[01m[Kstd::initializer_list<_Tp>[m[K’ and ‘[01m[Kdouble[m[K’
   39 |       send_feedback(std::min(1.0, progress_[01;36m[K)[m[K, "Pick_up running");
      |                                            [01;36m[K^[m[K
[01m[K/home/hp/Documenti/APTP/AutomatedPlanning-Assignment-master/assignment-ws/assignment/src/move_carrier_action_node.cpp:[m[K In member function ‘[01m[Kvirtual void MoveCarrierAction::do_work()[m[K’:
[01m[K/home/hp/Documenti/APTP/AutomatedPlanning-Assignment-master/assignment-ws/assignment/src/move_carrier_action_node.cpp:39:44:[m[K [01;31m[Kerror: [m[Kno matching function for call to ‘[01m[Kmin(double, float&)[m[K’
   39 |       send_feedback(std::min(1.0, progress_[01;31m[K)[m[K, "move_carrier running");
      |                                            [01;31m[K^[m[K
In file included from [01m[K/usr/include/c++/9/memory:62[m[K,
                 from [01m[K/home/hp/Documenti/APTP/AutomatedPlanning-Assignment-master/assignment-ws/assignment/src/move_carrier_action_node.cpp:15[m[K:
[01m[K/usr/include/c++/9/bits/stl_algobase.h:198:5:[m[K [01;36m[Knote: [m[Kcandidate: ‘[01m[Ktemplate<class _Tp> constexpr const _Tp& std::min(const _Tp&, const _Tp&)[m[K’
  198 |     [01;36m[Kmin[m[K(const _Tp& __a, const _Tp& __b)
      |     [01;36m[K^~~[m[K
[01m[K/usr/include/c++/9/bits/stl_algobase.h:198:5:[m[K [01;36m[Knote: [m[K  template argument deduction/substitution failed:
[01m[K/home/hp/Documenti/APTP/AutomatedPlanning-Assignment-master/assignment-ws/assignment/src/move_carrier_action_node.cpp:39:44:[m[K [01;36m[Knote: [m[K  deduced conflicting types for parameter ‘[01m[Kconst _Tp[m[K’ (‘[01m[Kdouble[m[K’ and ‘[01m[Kfloat[m[K’)
   39 |       send_feedback(std::min(1.0, progress_[01;36m[K)[m[K, "move_carrier running");
      |                                            [01;36m[K^[m[K
In file included from [01m[K/usr/include/c++/9/memory:62[m[K,
                 from [01m[K/home/hp/Documenti/APTP/AutomatedPlanning-Assignment-master/assignment-ws/assignment/src/move_carrier_action_node.cpp:15[m[K:
[01m[K/usr/include/c++/9/bits/stl_algobase.h:246:5:[m[K [01;36m[Knote: [m[Kcandidate: ‘[01m[Ktemplate<class _Tp, class _Compare> constexpr const _Tp& std::min(const _Tp&, const _Tp&, _Compare)[m[K’
  246 |     [01;36m[Kmin[m[K(const _Tp& __a, const _Tp& __b, _Compare __comp)
      |     [01;36m[K^~~[m[K
[01m[K/usr/include/c++/9/bits/stl_algobase.h:246:5:[m[K [01;36m[Knote: [m[K  template argument deduction/substitution failed:
[01m[K/home/hp/Documenti/APTP/AutomatedPlanning-Assignment-master/assignment-ws/assignment/src/move_carrier_action_node.cpp:39:44:[m[K [01;36m[Knote: [m[K  deduced conflicting types for parameter ‘[01m[Kconst _Tp[m[K’ (‘[01m[Kdouble[m[K’ and ‘[01m[Kfloat[m[K’)
   39 |       send_feedback(std::min(1.0, progress_[01;36m[K)[m[K, "move_carrier running");
      |                                            [01;36m[K^[m[K
In file included from [01m[K/usr/include/c++/9/algorithm:62[m[K,
                 from [01m[K/home/hp/Documenti/APTP/AutomatedPlanning-Assignment-master/assignment-ws/assignment/src/move_carrier_action_node.cpp:16[m[K:
[01m[K/usr/include/c++/9/bits/stl_algo.h:3444:5:[m[K [01;36m[Knote: [m[Kcandidate: ‘[01m[Ktemplate<class _Tp> constexpr _Tp std::min(std::initializer_list<_Tp>)[m[K’
 3444 |     [01;36m[Kmin[m[K(initializer_list<_Tp> __l)
      |     [01;36m[K^~~[m[K
[01m[K/usr/include/c++/9/bits/stl_algo.h:3444:5:[m[K [01;36m[Knote: [m[K  template argument deduction/substitution failed:
[01m[K/home/hp/Documenti/APTP/AutomatedPlanning-Assignment-master/assignment-ws/assignment/src/move_carrier_action_node.cpp:39:44:[m[K [01;36m[Knote: [m[K  mismatched types ‘[01m[Kstd::initializer_list<_Tp>[m[K’ and ‘[01m[Kdouble[m[K’
   39 |       send_feedback(std::min(1.0, progress_[01;36m[K)[m[K, "move_carrier running");
      |                                            [01;36m[K^[m[K
In file included from [01m[K/usr/include/c++/9/algorithm:62[m[K,
                 from [01m[K/home/hp/Documenti/APTP/AutomatedPlanning-Assignment-master/assignment-ws/assignment/src/move_carrier_action_node.cpp:16[m[K:
[01m[K/usr/include/c++/9/bits/stl_algo.h:3450:5:[m[K [01;36m[Knote: [m[Kcandidate: ‘[01m[Ktemplate<class _Tp, class _Compare> constexpr _Tp std::min(std::initializer_list<_Tp>, _Compare)[m[K’
 3450 |     [01;36m[Kmin[m[K(initializer_list<_Tp> __l, _Compare __comp)
      |     [01;36m[K^~~[m[K
[01m[K/usr/include/c++/9/bits/stl_algo.h:3450:5:[m[K [01;36m[Knote: [m[K  template argument deduction/substitution failed:
[01m[K/home/hp/Documenti/APTP/AutomatedPlanning-Assignment-master/assignment-ws/assignment/src/move_carrier_action_node.cpp:39:44:[m[K [01;36m[Knote: [m[K  mismatched types ‘[01m[Kstd::initializer_list<_Tp>[m[K’ and ‘[01m[Kdouble[m[K’
   39 |       send_feedback(std::min(1.0, progress_[01;36m[K)[m[K, "move_carrier running");
      |                                            [01;36m[K^[m[K
[01m[K/home/hp/Documenti/APTP/AutomatedPlanning-Assignment-master/assignment-ws/assignment/src/move_action_node.cpp:[m[K In member function ‘[01m[Kvirtual void MoveAction::do_work()[m[K’:
[01m[K/home/hp/Documenti/APTP/AutomatedPlanning-Assignment-master/assignment-ws/assignment/src/move_action_node.cpp:39:44:[m[K [01;31m[Kerror: [m[Kno matching function for call to ‘[01m[Kmin(double, float&)[m[K’
   39 |       send_feedback(std::min(1.0, progress_[01;31m[K)[m[K, "move running");
      |                                            [01;31m[K^[m[K
In file included from [01m[K/usr/include/c++/9/memory:62[m[K,
                 from [01m[K/home/hp/Documenti/APTP/AutomatedPlanning-Assignment-master/assignment-ws/assignment/src/move_action_node.cpp:15[m[K:
[01m[K/usr/include/c++/9/bits/stl_algobase.h:198:5:[m[K [01;36m[Knote: [m[Kcandidate: ‘[01m[Ktemplate<class _Tp> constexpr const _Tp& std::min(const _Tp&, const _Tp&)[m[K’
  198 |     [01;36m[Kmin[m[K(const _Tp& __a, const _Tp& __b)
      |     [01;36m[K^~~[m[K
[01m[K/usr/include/c++/9/bits/stl_algobase.h:198:5:[m[K [01;36m[Knote: [m[K  template argument deduction/substitution failed:
[01m[K/home/hp/Documenti/APTP/AutomatedPlanning-Assignment-master/assignment-ws/assignment/src/move_action_node.cpp:39:44:[m[K [01;36m[Knote: [m[K  deduced conflicting types for parameter ‘[01m[Kconst _Tp[m[K’ (‘[01m[Kdouble[m[K’ and ‘[01m[Kfloat[m[K’)
   39 |       send_feedback(std::min(1.0, progress_[01;36m[K)[m[K, "move running");
      |                                            [01;36m[K^[m[K
In file included from [01m[K/usr/include/c++/9/memory:62[m[K,
                 from [01m[K/home/hp/Documenti/APTP/AutomatedPlanning-Assignment-master/assignment-ws/assignment/src/move_action_node.cpp:15[m[K:
[01m[K/usr/include/c++/9/bits/stl_algobase.h:246:5:[m[K [01;36m[Knote: [m[Kcandidate: ‘[01m[Ktemplate<class _Tp, class _Compare> constexpr const _Tp& std::min(const _Tp&, const _Tp&, _Compare)[m[K’
  246 |     [01;36m[Kmin[m[K(const _Tp& __a, const _Tp& __b, _Compare __comp)
      |     [01;36m[K^~~[m[K
[01m[K/usr/include/c++/9/bits/stl_algobase.h:246:5:[m[K [01;36m[Knote: [m[K  template argument deduction/substitution failed:
[01m[K/home/hp/Documenti/APTP/AutomatedPlanning-Assignment-master/assignment-ws/assignment/src/move_action_node.cpp:39:44:[m[K [01;36m[Knote: [m[K  deduced conflicting types for parameter ‘[01m[Kconst _Tp[m[K’ (‘[01m[Kdouble[m[K’ and ‘[01m[Kfloat[m[K’)
   39 |       send_feedback(std::min(1.0, progress_[01;36m[K)[m[K, "move running");
      |                                            [01;36m[K^[m[K
In file included from [01m[K/usr/include/c++/9/algorithm:62[m[K,
                 from [01m[K/home/hp/Documenti/APTP/AutomatedPlanning-Assignment-master/assignment-ws/assignment/src/move_action_node.cpp:16[m[K:
[01m[K/usr/include/c++/9/bits/stl_algo.h:3444:5:[m[K [01;36m[Knote: [m[Kcandidate: ‘[01m[Ktemplate<class _Tp> constexpr _Tp std::min(std::initializer_list<_Tp>)[m[K’
 3444 |     [01;36m[Kmin[m[K(initializer_list<_Tp> __l)
      |     [01;36m[K^~~[m[K
[01m[K/usr/include/c++/9/bits/stl_algo.h:3444:5:[m[K [01;36m[Knote: [m[K  template argument deduction/substitution failed:
[01m[K/home/hp/Documenti/APTP/AutomatedPlanning-Assignment-master/assignment-ws/assignment/src/move_action_node.cpp:39:44:[m[K [01;36m[Knote: [m[K  mismatched types ‘[01m[Kstd::initializer_list<_Tp>[m[K’ and ‘[01m[Kdouble[m[K’
   39 |       send_feedback(std::min(1.0, progress_[01;36m[K)[m[K, "move running");
      |                                            [01;36m[K^[m[K
In file included from [01m[K/usr/include/c++/9/algorithm:62[m[K,
                 from [01m[K/home/hp/Documenti/APTP/AutomatedPlanning-Assignment-master/assignment-ws/assignment/src/move_action_node.cpp:16[m[K:
[01m[K/usr/include/c++/9/bits/stl_algo.h:3450:5:[m[K [01;36m[Knote: [m[Kcandidate: ‘[01m[Ktemplate<class _Tp, class _Compare> constexpr _Tp std::min(std::initializer_list<_Tp>, _Compare)[m[K’
 3450 |     [01;36m[Kmin[m[K(initializer_list<_Tp> __l, _Compare __comp)
      |     [01;36m[K^~~[m[K
[01m[K/usr/include/c++/9/bits/stl_algo.h:3450:5:[m[K [01;36m[Knote: [m[K  template argument deduction/substitution failed:
[01m[K/home/hp/Documenti/APTP/AutomatedPlanning-Assignment-master/assignment-ws/assignment/src/move_action_node.cpp:39:44:[m[K [01;36m[Knote: [m[K  mismatched types ‘[01m[Kstd::initializer_list<_Tp>[m[K’ and ‘[01m[Kdouble[m[K’
   39 |       send_feedback(std::min(1.0, progress_[01;36m[K)[m[K, "move running");
      |                                            [01;36m[K^[m[K
make[2]: *** [CMakeFiles/deliver_action_node.dir/build.make:63: CMakeFiles/deliver_action_node.dir/src/deliver_action_node.cpp.o] Error 1
make[1]: *** [CMakeFiles/Makefile2:111: CMakeFiles/deliver_action_node.dir/all] Error 2
make[1]: *** Waiting for unfinished jobs....
make[2]: *** [CMakeFiles/pick_up_action_node.dir/build.make:63: CMakeFiles/pick_up_action_node.dir/src/pick_up_action_node.cpp.o] Error 1
make[1]: *** [CMakeFiles/Makefile2:192: CMakeFiles/pick_up_action_node.dir/all] Error 2
make[2]: *** [CMakeFiles/move_carrier_action_node.dir/build.make:63: CMakeFiles/move_carrier_action_node.dir/src/move_carrier_action_node.cpp.o] Error 1
make[1]: *** [CMakeFiles/Makefile2:84: CMakeFiles/move_carrier_action_node.dir/all] Error 2
make[2]: *** [CMakeFiles/move_action_node.dir/build.make:63: CMakeFiles/move_action_node.dir/src/move_action_node.cpp.o] Error 1
make[1]: *** [CMakeFiles/Makefile2:138: CMakeFiles/move_action_node.dir/all] Error 2
make: *** [Makefile:141: all] Error 2
