[0.042s] Invoking command in '/home/hp/Documenti/APTP/AutomatedPlanning-Assignment-master/assignment-ws/build/assignment': CMAKE_PREFIX_PATH=${CMAKE_PREFIX_PATH}:/opt/ros/foxy /usr/bin/cmake --build /home/hp/Documenti/APTP/AutomatedPlanning-Assignment-master/assignment-ws/build/assignment -- -j4 -l4
[0.316s] [ 25%] Built target pick_up_action_node
[0.317s] [ 50%] Built target move_carrier_action_node
[0.321s] [ 75%] Built target move_action_node
[0.347s] [100%] Built target deliver_action_node
[0.377s] Invoked command in '/home/hp/Documenti/APTP/AutomatedPlanning-Assignment-master/assignment-ws/build/assignment' returned '0': CMAKE_PREFIX_PATH=${CMAKE_PREFIX_PATH}:/opt/ros/foxy /usr/bin/cmake --build /home/hp/Documenti/APTP/AutomatedPlanning-Assignment-master/assignment-ws/build/assignment -- -j4 -l4
[0.507s] Invoking command in '/home/hp/Documenti/APTP/AutomatedPlanning-Assignment-master/assignment-ws/build/assignment': CMAKE_PREFIX_PATH=${CMAKE_PREFIX_PATH}:/opt/ros/foxy /usr/bin/cmake --install /home/hp/Documenti/APTP/AutomatedPlanning-Assignment-master/assignment-ws/build/assignment
[0.529s] -- Install configuration: ""
[0.531s] -- Execute custom install script
[0.533s] -- Up-to-date symlink: /home/hp/Documenti/APTP/AutomatedPlanning-Assignment-master/assignment-ws/install/assignment/share/assignment/launch/assignment_launch.py
[0.534s] -- Up-to-date symlink: /home/hp/Documenti/APTP/AutomatedPlanning-Assignment-master/assignment-ws/install/assignment/share/assignment/pddl/assignment-domain3.pddl
[0.535s] -- Up-to-date symlink: /home/hp/Documenti/APTP/AutomatedPlanning-Assignment-master/assignment-ws/install/assignment/share/assignment/pddl/assignment-domain3_tmp.pddl
[0.537s] -- Up-to-date symlink: /home/hp/Documenti/APTP/AutomatedPlanning-Assignment-master/assignment-ws/install/assignment/lib/assignment/deliver_action_node
[0.538s] -- Up-to-date symlink: /home/hp/Documenti/APTP/AutomatedPlanning-Assignment-master/assignment-ws/install/assignment/lib/assignment/move_action_node
[0.539s] -- Up-to-date symlink: /home/hp/Documenti/APTP/AutomatedPlanning-Assignment-master/assignment-ws/install/assignment/lib/assignment/move_carrier_action_node
[0.541s] -- Up-to-date symlink: /home/hp/Documenti/APTP/AutomatedPlanning-Assignment-master/assignment-ws/install/assignment/lib/assignment/pick_up_action_node
[0.543s] -- Up-to-date symlink: /home/hp/Documenti/APTP/AutomatedPlanning-Assignment-master/assignment-ws/install/assignment/share/ament_index/resource_index/package_run_dependencies/assignment
[0.545s] -- Up-to-date symlink: /home/hp/Documenti/APTP/AutomatedPlanning-Assignment-master/assignment-ws/install/assignment/share/ament_index/resource_index/parent_prefix_path/assignment
[0.545s] -- Up-to-date symlink: /home/hp/Documenti/APTP/AutomatedPlanning-Assignment-master/assignment-ws/install/assignment/share/assignment/environment/ament_prefix_path.sh
[0.546s] -- Up-to-date symlink: /home/hp/Documenti/APTP/AutomatedPlanning-Assignment-master/assignment-ws/install/assignment/share/assignment/environment/ament_prefix_path.dsv
[0.547s] -- Up-to-date symlink: /home/hp/Documenti/APTP/AutomatedPlanning-Assignment-master/assignment-ws/install/assignment/share/assignment/environment/path.sh
[0.549s] -- Up-to-date symlink: /home/hp/Documenti/APTP/AutomatedPlanning-Assignment-master/assignment-ws/install/assignment/share/assignment/environment/path.dsv
[0.549s] -- Up-to-date symlink: /home/hp/Documenti/APTP/AutomatedPlanning-Assignment-master/assignment-ws/install/assignment/share/assignment/local_setup.bash
[0.550s] -- Up-to-date symlink: /home/hp/Documenti/APTP/AutomatedPlanning-Assignment-master/assignment-ws/install/assignment/share/assignment/local_setup.sh
[0.551s] -- Up-to-date symlink: /home/hp/Documenti/APTP/AutomatedPlanning-Assignment-master/assignment-ws/install/assignment/share/assignment/local_setup.zsh
[0.552s] -- Up-to-date symlink: /home/hp/Documenti/APTP/AutomatedPlanning-Assignment-master/assignment-ws/install/assignment/share/assignment/local_setup.dsv
[0.553s] -- Symlinking: /home/hp/Documenti/APTP/AutomatedPlanning-Assignment-master/assignment-ws/install/assignment/share/assignment/package.dsv
[0.580s] -- Up-to-date symlink: /home/hp/Documenti/APTP/AutomatedPlanning-Assignment-master/assignment-ws/install/assignment/share/ament_index/resource_index/packages/assignment
[0.581s] -- Up-to-date symlink: /home/hp/Documenti/APTP/AutomatedPlanning-Assignment-master/assignment-ws/install/assignment/share/assignment/cmake/ament_cmake_export_dependencies-extras.cmake
[0.584s] -- Up-to-date symlink: /home/hp/Documenti/APTP/AutomatedPlanning-Assignment-master/assignment-ws/install/assignment/share/assignment/cmake/assignmentConfig.cmake
[0.585s] -- Up-to-date symlink: /home/hp/Documenti/APTP/AutomatedPlanning-Assignment-master/assignment-ws/install/assignment/share/assignment/cmake/assignmentConfig-version.cmake
[0.585s] -- Up-to-date symlink: /home/hp/Documenti/APTP/AutomatedPlanning-Assignment-master/assignment-ws/install/assignment/share/assignment/package.xml
[0.590s] Invoked command in '/home/hp/Documenti/APTP/AutomatedPlanning-Assignment-master/assignment-ws/build/assignment' returned '0': CMAKE_PREFIX_PATH=${CMAKE_PREFIX_PATH}:/opt/ros/foxy /usr/bin/cmake --install /home/hp/Documenti/APTP/AutomatedPlanning-Assignment-master/assignment-ws/build/assignment
