[1.354s] DEBUG:colcon:Command line arguments: ['/usr/bin/colcon', 'build', '--symlink-install']
[1.355s] DEBUG:colcon:Parsed command line arguments: Namespace(ament_cmake_args=None, base_paths=['.'], build_base='build', catkin_cmake_args=None, catkin_skip_building_tests=False, cmake_args=None, cmake_clean_cache=False, cmake_clean_first=False, cmake_force_configure=False, cmake_target=None, cmake_target_skip_unavailable=False, continue_on_error=False, event_handlers=None, executor='parallel', ignore_user_meta=False, install_base='install', log_base=None, log_level=None, main=<bound method BuildVerb.main of <colcon_core.verb.build.BuildVerb object at 0x7f10a4e2cc40>>, merge_install=False, metas=['./colcon.meta'], packages_above=None, packages_above_and_dependencies=None, packages_above_depth=None, packages_end=None, packages_ignore=None, packages_ignore_regex=None, packages_select=None, packages_select_build_failed=False, packages_select_by_dep=None, packages_select_regex=None, packages_select_test_failures=False, packages_skip=None, packages_skip_build_finished=False, packages_skip_by_dep=None, packages_skip_regex=None, packages_skip_test_passed=False, packages_skip_up_to=None, packages_start=None, packages_up_to=None, packages_up_to_regex=None, parallel_workers=4, paths=None, symlink_install=True, test_result_base=None, verb_extension=<colcon_core.verb.build.BuildVerb object at 0x7f10a4e2cc40>, verb_name='build', verb_parser=<colcon_defaults.argument_parser.defaults.DefaultArgumentsDecorator object at 0x7f10a4e3e160>)
[1.379s] Level 1:colcon.colcon_core.package_discovery:discover_packages(colcon_meta) check parameters
[1.380s] Level 1:colcon.colcon_core.package_discovery:discover_packages(recursive) check parameters
[1.380s] Level 1:colcon.colcon_core.package_discovery:discover_packages(ignore) check parameters
[1.380s] Level 1:colcon.colcon_core.package_discovery:discover_packages(path) check parameters
[1.380s] Level 1:colcon.colcon_core.package_discovery:discover_packages(colcon_meta) discover
[1.380s] Level 1:colcon.colcon_core.package_discovery:discover_packages(recursive) discover
[1.380s] INFO:colcon.colcon_core.package_discovery:Crawling recursively for packages in '/home/hp/Documenti/APTP/AutomatedPlanning-Assignment-master/assignment-ws'
[1.381s] Level 1:colcon.colcon_core.package_identification:_identify(.) by extensions ['ignore', 'ignore_ament_install']
[1.381s] Level 1:colcon.colcon_core.package_identification:_identify(.) by extension 'ignore'
[1.381s] Level 1:colcon.colcon_core.package_identification:_identify(.) by extension 'ignore_ament_install'
[1.381s] Level 1:colcon.colcon_core.package_identification:_identify(.) by extensions ['colcon_pkg']
[1.382s] Level 1:colcon.colcon_core.package_identification:_identify(.) by extension 'colcon_pkg'
[1.382s] Level 1:colcon.colcon_core.package_identification:_identify(.) by extensions ['colcon_meta']
[1.382s] Level 1:colcon.colcon_core.package_identification:_identify(.) by extension 'colcon_meta'
[1.382s] Level 1:colcon.colcon_core.package_identification:_identify(.) by extensions ['ros']
[1.382s] Level 1:colcon.colcon_core.package_identification:_identify(.) by extension 'ros'
[1.432s] Level 1:colcon.colcon_core.package_identification:_identify(.) by extensions ['cmake', 'python']
[1.432s] Level 1:colcon.colcon_core.package_identification:_identify(.) by extension 'cmake'
[1.432s] Level 1:colcon.colcon_core.package_identification:_identify(.) by extension 'python'
[1.432s] Level 1:colcon.colcon_core.package_identification:_identify(.) by extensions ['python_setup_py']
[1.432s] Level 1:colcon.colcon_core.package_identification:_identify(.) by extension 'python_setup_py'
[1.433s] Level 1:colcon.colcon_core.package_identification:_identify(assignment) by extensions ['ignore', 'ignore_ament_install']
[1.433s] Level 1:colcon.colcon_core.package_identification:_identify(assignment) by extension 'ignore'
[1.434s] Level 1:colcon.colcon_core.package_identification:_identify(assignment) by extension 'ignore_ament_install'
[1.434s] Level 1:colcon.colcon_core.package_identification:_identify(assignment) by extensions ['colcon_pkg']
[1.434s] Level 1:colcon.colcon_core.package_identification:_identify(assignment) by extension 'colcon_pkg'
[1.434s] Level 1:colcon.colcon_core.package_identification:_identify(assignment) by extensions ['colcon_meta']
[1.434s] Level 1:colcon.colcon_core.package_identification:_identify(assignment) by extension 'colcon_meta'
[1.435s] Level 1:colcon.colcon_core.package_identification:_identify(assignment) by extensions ['ros']
[1.435s] Level 1:colcon.colcon_core.package_identification:_identify(assignment) by extension 'ros'
[1.446s] DEBUG:colcon.colcon_core.package_identification:Package 'assignment' with type 'ros.ament_cmake' and name 'assignment'
[1.447s] Level 1:colcon.colcon_core.package_identification:_identify(build) by extensions ['ignore', 'ignore_ament_install']
[1.447s] Level 1:colcon.colcon_core.package_identification:_identify(build) by extension 'ignore'
[1.448s] Level 1:colcon.colcon_core.package_identification:_identify(build) ignored
[1.448s] Level 1:colcon.colcon_core.package_identification:_identify(install) by extensions ['ignore', 'ignore_ament_install']
[1.448s] Level 1:colcon.colcon_core.package_identification:_identify(install) by extension 'ignore'
[1.449s] Level 1:colcon.colcon_core.package_identification:_identify(install) ignored
[1.449s] Level 1:colcon.colcon_core.package_identification:_identify(log) by extensions ['ignore', 'ignore_ament_install']
[1.450s] Level 1:colcon.colcon_core.package_identification:_identify(log) by extension 'ignore'
[1.450s] Level 1:colcon.colcon_core.package_identification:_identify(log) ignored
[1.450s] Level 1:colcon.colcon_core.package_discovery:discover_packages(recursive) using defaults
[1.450s] Level 1:colcon.colcon_core.package_discovery:discover_packages(ignore) discover
[1.450s] Level 1:colcon.colcon_core.package_discovery:discover_packages(ignore) using defaults
[1.450s] Level 1:colcon.colcon_core.package_discovery:discover_packages(path) discover
[1.451s] Level 1:colcon.colcon_core.package_discovery:discover_packages(path) using defaults
[1.536s] Level 5:colcon.colcon_core.verb:set package 'assignment' build argument 'cmake_args' from command line to 'None'
[1.536s] Level 5:colcon.colcon_core.verb:set package 'assignment' build argument 'cmake_target' from command line to 'None'
[1.536s] Level 5:colcon.colcon_core.verb:set package 'assignment' build argument 'cmake_target_skip_unavailable' from command line to 'False'
[1.536s] Level 5:colcon.colcon_core.verb:set package 'assignment' build argument 'cmake_clean_cache' from command line to 'False'
[1.537s] Level 5:colcon.colcon_core.verb:set package 'assignment' build argument 'cmake_clean_first' from command line to 'False'
[1.537s] Level 5:colcon.colcon_core.verb:set package 'assignment' build argument 'cmake_force_configure' from command line to 'False'
[1.537s] Level 5:colcon.colcon_core.verb:set package 'assignment' build argument 'ament_cmake_args' from command line to 'None'
[1.537s] Level 5:colcon.colcon_core.verb:set package 'assignment' build argument 'catkin_cmake_args' from command line to 'None'
[1.537s] Level 5:colcon.colcon_core.verb:set package 'assignment' build argument 'catkin_skip_building_tests' from command line to 'False'
[1.537s] DEBUG:colcon.colcon_core.verb:Building package 'assignment' with the following arguments: {'ament_cmake_args': None, 'build_base': '/home/hp/Documenti/APTP/AutomatedPlanning-Assignment-master/assignment-ws/build/assignment', 'catkin_cmake_args': None, 'catkin_skip_building_tests': False, 'cmake_args': None, 'cmake_clean_cache': False, 'cmake_clean_first': False, 'cmake_force_configure': False, 'cmake_target': None, 'cmake_target_skip_unavailable': False, 'install_base': '/home/hp/Documenti/APTP/AutomatedPlanning-Assignment-master/assignment-ws/install/assignment', 'merge_install': False, 'path': '/home/hp/Documenti/APTP/AutomatedPlanning-Assignment-master/assignment-ws/assignment', 'symlink_install': True, 'test_result_base': None}
[1.539s] INFO:colcon.colcon_core.executor:Executing jobs using 'parallel' executor
[1.544s] DEBUG:colcon.colcon_parallel_executor.executor.parallel:run_until_complete
[1.545s] INFO:colcon.colcon_ros.task.ament_cmake.build:Building ROS package in '/home/hp/Documenti/APTP/AutomatedPlanning-Assignment-master/assignment-ws/assignment' with build type 'ament_cmake'
[1.546s] INFO:colcon.colcon_cmake.task.cmake.build:Building CMake package in '/home/hp/Documenti/APTP/AutomatedPlanning-Assignment-master/assignment-ws/assignment'
[1.560s] INFO:colcon.colcon_core.plugin_system:Skipping extension 'colcon_core.shell.bat': Not used on non-Windows systems
[1.561s] INFO:colcon.colcon_core.shell:Skip shell extension 'powershell' for command environment: Not usable outside of PowerShell
[1.561s] DEBUG:colcon.colcon_core.shell:Skip shell extension 'dsv' for command environment
[1.575s] DEBUG:colcon.colcon_core.shell:Ignoring prefix path '/opt/ros/foxy'
[1.597s] DEBUG:colcon.colcon_core.event_handler.log_command:Invoking command in '/home/hp/Documenti/APTP/AutomatedPlanning-Assignment-master/assignment-ws/build/assignment': CMAKE_PREFIX_PATH=${CMAKE_PREFIX_PATH}:/opt/ros/foxy /usr/bin/cmake --build /home/hp/Documenti/APTP/AutomatedPlanning-Assignment-master/assignment-ws/build/assignment -- -j4 -l4
[21.513s] DEBUG:colcon.colcon_core.event_handler.log_command:Invoked command in '/home/hp/Documenti/APTP/AutomatedPlanning-Assignment-master/assignment-ws/build/assignment' returned '0': CMAKE_PREFIX_PATH=${CMAKE_PREFIX_PATH}:/opt/ros/foxy /usr/bin/cmake --build /home/hp/Documenti/APTP/AutomatedPlanning-Assignment-master/assignment-ws/build/assignment -- -j4 -l4
[21.694s] DEBUG:colcon.colcon_core.event_handler.log_command:Invoking command in '/home/hp/Documenti/APTP/AutomatedPlanning-Assignment-master/assignment-ws/build/assignment': CMAKE_PREFIX_PATH=${CMAKE_PREFIX_PATH}:/opt/ros/foxy /usr/bin/cmake --install /home/hp/Documenti/APTP/AutomatedPlanning-Assignment-master/assignment-ws/build/assignment
[21.825s] Level 1:colcon.colcon_core.environment:create_environment_scripts_only(assignment)
[21.831s] DEBUG:colcon.colcon_core.event_handler.log_command:Invoked command in '/home/hp/Documenti/APTP/AutomatedPlanning-Assignment-master/assignment-ws/build/assignment' returned '0': CMAKE_PREFIX_PATH=${CMAKE_PREFIX_PATH}:/opt/ros/foxy /usr/bin/cmake --install /home/hp/Documenti/APTP/AutomatedPlanning-Assignment-master/assignment-ws/build/assignment
[21.844s] Level 1:colcon.colcon_core.environment:checking '/home/hp/Documenti/APTP/AutomatedPlanning-Assignment-master/assignment-ws/install/assignment' for CMake module files
[21.847s] Level 1:colcon.colcon_core.environment:checking '/home/hp/Documenti/APTP/AutomatedPlanning-Assignment-master/assignment-ws/install/assignment' for CMake config files
[21.847s] Level 1:colcon.colcon_core.shell:create_environment_hook('assignment', 'cmake_prefix_path')
[21.849s] INFO:colcon.colcon_core.shell:Creating environment hook '/home/hp/Documenti/APTP/AutomatedPlanning-Assignment-master/assignment-ws/install/assignment/share/assignment/hook/cmake_prefix_path.ps1'
[21.855s] INFO:colcon.colcon_core.shell:Creating environment descriptor '/home/hp/Documenti/APTP/AutomatedPlanning-Assignment-master/assignment-ws/install/assignment/share/assignment/hook/cmake_prefix_path.dsv'
[21.857s] INFO:colcon.colcon_core.shell:Creating environment hook '/home/hp/Documenti/APTP/AutomatedPlanning-Assignment-master/assignment-ws/install/assignment/share/assignment/hook/cmake_prefix_path.sh'
[21.862s] Level 1:colcon.colcon_core.environment:checking '/home/hp/Documenti/APTP/AutomatedPlanning-Assignment-master/assignment-ws/install/assignment/lib'
[21.863s] Level 1:colcon.colcon_core.environment:checking '/home/hp/Documenti/APTP/AutomatedPlanning-Assignment-master/assignment-ws/install/assignment/bin'
[21.863s] Level 1:colcon.colcon_core.environment:checking '/home/hp/Documenti/APTP/AutomatedPlanning-Assignment-master/assignment-ws/install/assignment/lib/pkgconfig/assignment.pc'
[21.863s] Level 1:colcon.colcon_core.environment:checking '/home/hp/Documenti/APTP/AutomatedPlanning-Assignment-master/assignment-ws/install/assignment/lib/python3.8/site-packages'
[21.866s] INFO:colcon.colcon_core.shell:Creating package script '/home/hp/Documenti/APTP/AutomatedPlanning-Assignment-master/assignment-ws/install/assignment/share/assignment/package.ps1'
[21.870s] INFO:colcon.colcon_core.shell:Creating package descriptor '/home/hp/Documenti/APTP/AutomatedPlanning-Assignment-master/assignment-ws/install/assignment/share/assignment/package.dsv'
[21.873s] INFO:colcon.colcon_core.shell:Creating package script '/home/hp/Documenti/APTP/AutomatedPlanning-Assignment-master/assignment-ws/install/assignment/share/assignment/package.sh'
[21.881s] INFO:colcon.colcon_core.shell:Creating package script '/home/hp/Documenti/APTP/AutomatedPlanning-Assignment-master/assignment-ws/install/assignment/share/assignment/package.bash'
[21.888s] INFO:colcon.colcon_core.shell:Creating package script '/home/hp/Documenti/APTP/AutomatedPlanning-Assignment-master/assignment-ws/install/assignment/share/assignment/package.zsh'
[21.891s] Level 1:colcon.colcon_core.environment:create_file_with_runtime_dependencies(/home/hp/Documenti/APTP/AutomatedPlanning-Assignment-master/assignment-ws/install/assignment/share/colcon-core/packages/assignment)
[22.085s] Level 1:colcon.colcon_core.environment:create_environment_scripts_only(assignment)
[22.099s] Level 1:colcon.colcon_core.environment:checking '/home/hp/Documenti/APTP/AutomatedPlanning-Assignment-master/assignment-ws/install/assignment' for CMake module files
[22.105s] Level 1:colcon.colcon_core.environment:checking '/home/hp/Documenti/APTP/AutomatedPlanning-Assignment-master/assignment-ws/install/assignment' for CMake config files
[22.107s] Level 1:colcon.colcon_core.shell:create_environment_hook('assignment', 'cmake_prefix_path')
[22.109s] INFO:colcon.colcon_core.shell:Creating environment hook '/home/hp/Documenti/APTP/AutomatedPlanning-Assignment-master/assignment-ws/install/assignment/share/assignment/hook/cmake_prefix_path.ps1'
[22.112s] INFO:colcon.colcon_core.shell:Creating environment descriptor '/home/hp/Documenti/APTP/AutomatedPlanning-Assignment-master/assignment-ws/install/assignment/share/assignment/hook/cmake_prefix_path.dsv'
[22.116s] INFO:colcon.colcon_core.shell:Creating environment hook '/home/hp/Documenti/APTP/AutomatedPlanning-Assignment-master/assignment-ws/install/assignment/share/assignment/hook/cmake_prefix_path.sh'
[22.118s] Level 1:colcon.colcon_core.environment:checking '/home/hp/Documenti/APTP/AutomatedPlanning-Assignment-master/assignment-ws/install/assignment/lib'
[22.119s] Level 1:colcon.colcon_core.environment:checking '/home/hp/Documenti/APTP/AutomatedPlanning-Assignment-master/assignment-ws/install/assignment/bin'
[22.119s] Level 1:colcon.colcon_core.environment:checking '/home/hp/Documenti/APTP/AutomatedPlanning-Assignment-master/assignment-ws/install/assignment/lib/pkgconfig/assignment.pc'
[22.119s] Level 1:colcon.colcon_core.environment:checking '/home/hp/Documenti/APTP/AutomatedPlanning-Assignment-master/assignment-ws/install/assignment/lib/python3.8/site-packages'
[22.122s] INFO:colcon.colcon_core.shell:Creating package script '/home/hp/Documenti/APTP/AutomatedPlanning-Assignment-master/assignment-ws/install/assignment/share/assignment/package.ps1'
[22.124s] INFO:colcon.colcon_core.shell:Creating package descriptor '/home/hp/Documenti/APTP/AutomatedPlanning-Assignment-master/assignment-ws/install/assignment/share/assignment/package.dsv'
[22.130s] INFO:colcon.colcon_core.shell:Creating package script '/home/hp/Documenti/APTP/AutomatedPlanning-Assignment-master/assignment-ws/install/assignment/share/assignment/package.sh'
[22.137s] INFO:colcon.colcon_core.shell:Creating package script '/home/hp/Documenti/APTP/AutomatedPlanning-Assignment-master/assignment-ws/install/assignment/share/assignment/package.bash'
[22.138s] INFO:colcon.colcon_core.shell:Creating package script '/home/hp/Documenti/APTP/AutomatedPlanning-Assignment-master/assignment-ws/install/assignment/share/assignment/package.zsh'
[22.141s] Level 1:colcon.colcon_core.environment:create_file_with_runtime_dependencies(/home/hp/Documenti/APTP/AutomatedPlanning-Assignment-master/assignment-ws/install/assignment/share/colcon-core/packages/assignment)
[22.144s] DEBUG:colcon.colcon_parallel_executor.executor.parallel:closing loop
[22.145s] DEBUG:colcon.colcon_parallel_executor.executor.parallel:loop closed
[22.146s] DEBUG:colcon.colcon_parallel_executor.executor.parallel:run_until_complete finished with '0'
[22.146s] DEBUG:colcon.colcon_core.event_reactor:joining thread
[22.185s] INFO:colcon.colcon_core.plugin_system:Skipping extension 'colcon_notification.desktop_notification.terminal_notifier': Not used on non-Darwin systems
[22.185s] INFO:colcon.colcon_core.plugin_system:Skipping extension 'colcon_notification.desktop_notification.win32': Not used on non-Windows systems
[22.185s] INFO:colcon.colcon_notification.desktop_notification:Sending desktop notification using 'notify2'
[22.293s] DEBUG:colcon.colcon_core.event_reactor:joined thread
[22.295s] INFO:colcon.colcon_core.shell:Creating prefix script '/home/hp/Documenti/APTP/AutomatedPlanning-Assignment-master/assignment-ws/install/local_setup.ps1'
[22.302s] INFO:colcon.colcon_core.shell:Creating prefix util module '/home/hp/Documenti/APTP/AutomatedPlanning-Assignment-master/assignment-ws/install/_local_setup_util_ps1.py'
[22.307s] INFO:colcon.colcon_core.shell:Creating prefix chain script '/home/hp/Documenti/APTP/AutomatedPlanning-Assignment-master/assignment-ws/install/setup.ps1'
[22.324s] INFO:colcon.colcon_core.shell:Creating prefix script '/home/hp/Documenti/APTP/AutomatedPlanning-Assignment-master/assignment-ws/install/local_setup.sh'
[22.331s] INFO:colcon.colcon_core.shell:Creating prefix util module '/home/hp/Documenti/APTP/AutomatedPlanning-Assignment-master/assignment-ws/install/_local_setup_util_sh.py'
[22.333s] INFO:colcon.colcon_core.shell:Creating prefix chain script '/home/hp/Documenti/APTP/AutomatedPlanning-Assignment-master/assignment-ws/install/setup.sh'
[22.349s] INFO:colcon.colcon_core.shell:Creating prefix script '/home/hp/Documenti/APTP/AutomatedPlanning-Assignment-master/assignment-ws/install/local_setup.bash'
[22.351s] INFO:colcon.colcon_core.shell:Creating prefix chain script '/home/hp/Documenti/APTP/AutomatedPlanning-Assignment-master/assignment-ws/install/setup.bash'
[22.370s] INFO:colcon.colcon_core.shell:Creating prefix script '/home/hp/Documenti/APTP/AutomatedPlanning-Assignment-master/assignment-ws/install/local_setup.zsh'
[22.373s] INFO:colcon.colcon_core.shell:Creating prefix chain script '/home/hp/Documenti/APTP/AutomatedPlanning-Assignment-master/assignment-ws/install/setup.zsh'
