[0.051s] Invoking command in '/home/hp/Documenti/APTP/AutomatedPlanning-Assignment-master/assignment-ws/build/assignment': CMAKE_PREFIX_PATH=${CMAKE_PREFIX_PATH}:/opt/ros/foxy /usr/bin/cmake --build /home/hp/Documenti/APTP/AutomatedPlanning-Assignment-master/assignment-ws/build/assignment -- -j4 -l4
[0.410s] [ 25%] Built target move_carrier_action_node
[0.415s] [ 50%] Built target deliver_action_node
[0.421s] [ 75%] Built target pick_up_action_node
[0.426s] [100%] Built target move_action_node
[0.460s] Invoked command in '/home/hp/Documenti/APTP/AutomatedPlanning-Assignment-master/assignment-ws/build/assignment' returned '0': CMAKE_PREFIX_PATH=${CMAKE_PREFIX_PATH}:/opt/ros/foxy /usr/bin/cmake --build /home/hp/Documenti/APTP/AutomatedPlanning-Assignment-master/assignment-ws/build/assignment -- -j4 -l4
[0.592s] Invoking command in '/home/hp/Documenti/APTP/AutomatedPlanning-Assignment-master/assignment-ws/build/assignment': CMAKE_PREFIX_PATH=${CMAKE_PREFIX_PATH}:/opt/ros/foxy /usr/bin/cmake --install /home/hp/Documenti/APTP/AutomatedPlanning-Assignment-master/assignment-ws/build/assignment
[0.624s] -- Install configuration: ""
[0.626s] -- Execute custom install script
[0.628s] -- Up-to-date symlink: /home/hp/Documenti/APTP/AutomatedPlanning-Assignment-master/assignment-ws/install/assignment/share/assignment/launch/assignment_launch.py
[0.631s] -- Up-to-date symlink: /home/hp/Documenti/APTP/AutomatedPlanning-Assignment-master/assignment-ws/install/assignment/share/assignment/pddl/assignment-domain3.pddl
[0.633s] -- Up-to-date symlink: /home/hp/Documenti/APTP/AutomatedPlanning-Assignment-master/assignment-ws/install/assignment/lib/assignment/deliver_action_node
[0.634s] -- Up-to-date symlink: /home/hp/Documenti/APTP/AutomatedPlanning-Assignment-master/assignment-ws/install/assignment/lib/assignment/move_action_node
[0.635s] -- Up-to-date symlink: /home/hp/Documenti/APTP/AutomatedPlanning-Assignment-master/assignment-ws/install/assignment/lib/assignment/move_carrier_action_node
[0.636s] -- Up-to-date symlink: /home/hp/Documenti/APTP/AutomatedPlanning-Assignment-master/assignment-ws/install/assignment/lib/assignment/pick_up_action_node
[0.639s] -- Up-to-date symlink: /home/hp/Documenti/APTP/AutomatedPlanning-Assignment-master/assignment-ws/install/assignment/share/ament_index/resource_index/package_run_dependencies/assignment
[0.640s] -- Up-to-date symlink: /home/hp/Documenti/APTP/AutomatedPlanning-Assignment-master/assignment-ws/install/assignment/share/ament_index/resource_index/parent_prefix_path/assignment
[0.641s] -- Up-to-date symlink: /home/hp/Documenti/APTP/AutomatedPlanning-Assignment-master/assignment-ws/install/assignment/share/assignment/environment/ament_prefix_path.sh
[0.642s] -- Up-to-date symlink: /home/hp/Documenti/APTP/AutomatedPlanning-Assignment-master/assignment-ws/install/assignment/share/assignment/environment/ament_prefix_path.dsv
[0.643s] -- Up-to-date symlink: /home/hp/Documenti/APTP/AutomatedPlanning-Assignment-master/assignment-ws/install/assignment/share/assignment/environment/path.sh
[0.645s] -- Up-to-date symlink: /home/hp/Documenti/APTP/AutomatedPlanning-Assignment-master/assignment-ws/install/assignment/share/assignment/environment/path.dsv
[0.647s] -- Up-to-date symlink: /home/hp/Documenti/APTP/AutomatedPlanning-Assignment-master/assignment-ws/install/assignment/share/assignment/local_setup.bash
[0.648s] -- Up-to-date symlink: /home/hp/Documenti/APTP/AutomatedPlanning-Assignment-master/assignment-ws/install/assignment/share/assignment/local_setup.sh
[0.649s] -- Up-to-date symlink: /home/hp/Documenti/APTP/AutomatedPlanning-Assignment-master/assignment-ws/install/assignment/share/assignment/local_setup.zsh
[0.650s] -- Up-to-date symlink: /home/hp/Documenti/APTP/AutomatedPlanning-Assignment-master/assignment-ws/install/assignment/share/assignment/local_setup.dsv
[0.651s] -- Symlinking: /home/hp/Documenti/APTP/AutomatedPlanning-Assignment-master/assignment-ws/install/assignment/share/assignment/package.dsv
[0.684s] -- Up-to-date symlink: /home/hp/Documenti/APTP/AutomatedPlanning-Assignment-master/assignment-ws/install/assignment/share/ament_index/resource_index/packages/assignment
[0.686s] -- Up-to-date symlink: /home/hp/Documenti/APTP/AutomatedPlanning-Assignment-master/assignment-ws/install/assignment/share/assignment/cmake/ament_cmake_export_dependencies-extras.cmake
[0.687s] -- Up-to-date symlink: /home/hp/Documenti/APTP/AutomatedPlanning-Assignment-master/assignment-ws/install/assignment/share/assignment/cmake/assignmentConfig.cmake
[0.688s] -- Up-to-date symlink: /home/hp/Documenti/APTP/AutomatedPlanning-Assignment-master/assignment-ws/install/assignment/share/assignment/cmake/assignmentConfig-version.cmake
[0.689s] -- Up-to-date symlink: /home/hp/Documenti/APTP/AutomatedPlanning-Assignment-master/assignment-ws/install/assignment/share/assignment/package.xml
[0.695s] Invoked command in '/home/hp/Documenti/APTP/AutomatedPlanning-Assignment-master/assignment-ws/build/assignment' returned '0': CMAKE_PREFIX_PATH=${CMAKE_PREFIX_PATH}:/opt/ros/foxy /usr/bin/cmake --install /home/hp/Documenti/APTP/AutomatedPlanning-Assignment-master/assignment-ws/build/assignment
