[0.074s] Invoking command in '/home/hp/Documenti/APTP/AutomatedPlanning-Assignment-master/assignment-ws/build/assignment': CMAKE_PREFIX_PATH=${CMAKE_PREFIX_PATH}:/opt/ros/foxy /usr/bin/cmake --build /home/hp/Documenti/APTP/AutomatedPlanning-Assignment-master/assignment-ws/build/assignment -- -j4 -l4
[0.803s] [ 25%] Built target deliver_action_node
[0.808s] [ 50%] Built target move_action_node
[0.813s] [ 75%] Built target pick_up_action_node
[0.815s] [100%] Built target move_carrier_action_node
[0.888s] Invoked command in '/home/hp/Documenti/APTP/AutomatedPlanning-Assignment-master/assignment-ws/build/assignment' returned '0': CMAKE_PREFIX_PATH=${CMAKE_PREFIX_PATH}:/opt/ros/foxy /usr/bin/cmake --build /home/hp/Documenti/APTP/AutomatedPlanning-Assignment-master/assignment-ws/build/assignment -- -j4 -l4
[1.070s] Invoking command in '/home/hp/Documenti/APTP/AutomatedPlanning-Assignment-master/assignment-ws/build/assignment': CMAKE_PREFIX_PATH=${CMAKE_PREFIX_PATH}:/opt/ros/foxy /usr/bin/cmake --install /home/hp/Documenti/APTP/AutomatedPlanning-Assignment-master/assignment-ws/build/assignment
[1.108s] -- Install configuration: ""
[1.112s] -- Execute custom install script
[1.118s] -- Up-to-date symlink: /home/hp/Documenti/APTP/AutomatedPlanning-Assignment-master/assignment-ws/install/assignment/share/assignment/launch/assignment_launch.py
[1.119s] -- Up-to-date symlink: /home/hp/Documenti/APTP/AutomatedPlanning-Assignment-master/assignment-ws/install/assignment/share/assignment/pddl/assignment-domain3.pddl
[1.136s] -- Up-to-date symlink: /home/hp/Documenti/APTP/AutomatedPlanning-Assignment-master/assignment-ws/install/assignment/lib/assignment/deliver_action_node
[1.139s] -- Up-to-date symlink: /home/hp/Documenti/APTP/AutomatedPlanning-Assignment-master/assignment-ws/install/assignment/lib/assignment/move_action_node
[1.140s] -- Up-to-date symlink: /home/hp/Documenti/APTP/AutomatedPlanning-Assignment-master/assignment-ws/install/assignment/lib/assignment/move_carrier_action_node
[1.140s] -- Up-to-date symlink: /home/hp/Documenti/APTP/AutomatedPlanning-Assignment-master/assignment-ws/install/assignment/lib/assignment/pick_up_action_node
[1.153s] -- Up-to-date symlink: /home/hp/Documenti/APTP/AutomatedPlanning-Assignment-master/assignment-ws/install/assignment/share/ament_index/resource_index/package_run_dependencies/assignment
[1.154s] -- Up-to-date symlink: /home/hp/Documenti/APTP/AutomatedPlanning-Assignment-master/assignment-ws/install/assignment/share/ament_index/resource_index/parent_prefix_path/assignment
[1.154s] -- Up-to-date symlink: /home/hp/Documenti/APTP/AutomatedPlanning-Assignment-master/assignment-ws/install/assignment/share/assignment/environment/ament_prefix_path.sh
[1.155s] -- Up-to-date symlink: /home/hp/Documenti/APTP/AutomatedPlanning-Assignment-master/assignment-ws/install/assignment/share/assignment/environment/ament_prefix_path.dsv
[1.155s] -- Up-to-date symlink: /home/hp/Documenti/APTP/AutomatedPlanning-Assignment-master/assignment-ws/install/assignment/share/assignment/environment/path.sh
[1.156s] -- Up-to-date symlink: /home/hp/Documenti/APTP/AutomatedPlanning-Assignment-master/assignment-ws/install/assignment/share/assignment/environment/path.dsv
[1.165s] -- Up-to-date symlink: /home/hp/Documenti/APTP/AutomatedPlanning-Assignment-master/assignment-ws/install/assignment/share/assignment/local_setup.bash
[1.165s] -- Up-to-date symlink: /home/hp/Documenti/APTP/AutomatedPlanning-Assignment-master/assignment-ws/install/assignment/share/assignment/local_setup.sh
[1.166s] -- Up-to-date symlink: /home/hp/Documenti/APTP/AutomatedPlanning-Assignment-master/assignment-ws/install/assignment/share/assignment/local_setup.zsh
[1.170s] -- Up-to-date symlink: /home/hp/Documenti/APTP/AutomatedPlanning-Assignment-master/assignment-ws/install/assignment/share/assignment/local_setup.dsv
[1.171s] -- Symlinking: /home/hp/Documenti/APTP/AutomatedPlanning-Assignment-master/assignment-ws/install/assignment/share/assignment/package.dsv
[1.228s] -- Up-to-date symlink: /home/hp/Documenti/APTP/AutomatedPlanning-Assignment-master/assignment-ws/install/assignment/share/ament_index/resource_index/packages/assignment
[1.230s] -- Up-to-date symlink: /home/hp/Documenti/APTP/AutomatedPlanning-Assignment-master/assignment-ws/install/assignment/share/assignment/cmake/ament_cmake_export_dependencies-extras.cmake
[1.234s] -- Up-to-date symlink: /home/hp/Documenti/APTP/AutomatedPlanning-Assignment-master/assignment-ws/install/assignment/share/assignment/cmake/assignmentConfig.cmake
[1.235s] -- Up-to-date symlink: /home/hp/Documenti/APTP/AutomatedPlanning-Assignment-master/assignment-ws/install/assignment/share/assignment/cmake/assignmentConfig-version.cmake
[1.243s] -- Up-to-date symlink: /home/hp/Documenti/APTP/AutomatedPlanning-Assignment-master/assignment-ws/install/assignment/share/assignment/package.xml
[1.244s] Invoked command in '/home/hp/Documenti/APTP/AutomatedPlanning-Assignment-master/assignment-ws/build/assignment' returned '0': CMAKE_PREFIX_PATH=${CMAKE_PREFIX_PATH}:/opt/ros/foxy /usr/bin/cmake --install /home/hp/Documenti/APTP/AutomatedPlanning-Assignment-master/assignment-ws/build/assignment
